Mar-20 18:41:41.776 [main] DEBUG nextflow.cli.Launcher - Setting HTTP proxy: [www-proxy.rz.uni-kiel.de, 80]
Mar-20 18:41:41.839 [main] DEBUG nextflow.cli.Launcher - Setting HTTPS proxy: [www-proxy.rz.uni-kiel.de, 80]
Mar-20 18:41:41.840 [main] DEBUG nextflow.cli.Launcher - Setting http proxy: [www-proxy.rz.uni-kiel.de, 80]
Mar-20 18:41:41.840 [main] DEBUG nextflow.cli.Launcher - Setting https proxy: [www-proxy.rz.uni-kiel.de, 80]
Mar-20 18:41:41.840 [main] DEBUG nextflow.cli.Launcher - $> nextflow run HLApipe --prefix /work_ifs/sukmb299/test/data/UpdatedQC_SEX --reference_name IKMB --run_name GITHUB_test --beagle --subpop AA
Mar-20 18:41:41.890 [main] INFO  nextflow.cli.CmdRun - N E X T F L O W  ~  version 20.01.0
Mar-20 18:41:41.915 [main] DEBUG nextflow.scm.AssetManager - Listing projects in folder: /home/sukmb299/.nextflow/assets
Mar-20 18:41:41.990 [main] INFO  nextflow.cli.CmdRun - Pulling nextflow-io/HLApipe ...
Mar-20 18:41:41.992 [main] DEBUG nextflow.scm.RepositoryProvider - Request [credentials -:-] -> https://api.github.com/repos/nextflow-io/HLApipe/contents/nextflow.config
Mar-20 18:41:42.811 [main] DEBUG nextflow.scm.RepositoryProvider - Response status: 404 -- {"message":"Not Found","documentation_url":"https://developer.github.com/v3/repos/contents/#get-contents"}
Mar-20 18:41:42.825 [main] WARN  nextflow.scm.AssetManager - Cannot read project manifest -- Cause: Remote resource not found: https://api.github.com/repos/nextflow-io/HLApipe/contents/nextflow.config
nextflow.exception.AbortOperationException: Remote resource not found: https://api.github.com/repos/nextflow-io/HLApipe/contents/nextflow.config
	at nextflow.scm.RepositoryProvider.checkResponse(RepositoryProvider.groovy:158)
	at nextflow.scm.RepositoryProvider.invoke(RepositoryProvider.groovy:106)
	at nextflow.scm.RepositoryProvider.memoizedMethodPriv$invokeAndParseResponseString(RepositoryProvider.groovy:173)
	at sun.reflect.NativeMethodAccessorImpl.invoke0(Native Method)
	at sun.reflect.NativeMethodAccessorImpl.invoke(NativeMethodAccessorImpl.java:62)
	at sun.reflect.DelegatingMethodAccessorImpl.invoke(DelegatingMethodAccessorImpl.java:43)
	at java.lang.reflect.Method.invoke(Method.java:498)
	at org.codehaus.groovy.reflection.CachedMethod.invoke(CachedMethod.java:101)
	at groovy.lang.MetaMethod.doMethodInvoke(MetaMethod.java:323)
	at groovy.lang.MetaClassImpl.invokeMethod(MetaClassImpl.java:1217)
	at groovy.lang.MetaClassImpl.invokeMethod(MetaClassImpl.java:1041)
	at org.codehaus.groovy.runtime.InvokerHelper.invokePogoMethod(InvokerHelper.java:1011)
	at org.codehaus.groovy.runtime.InvokerHelper.invokeMethod(InvokerHelper.java:994)
	at org.codehaus.groovy.runtime.InvokerHelper.invokeMethodSafe(InvokerHelper.java:97)
	at nextflow.scm.RepositoryProvider$_closure1.doCall(RepositoryProvider.groovy)
	at sun.reflect.NativeMethodAccessorImpl.invoke0(Native Method)
	at sun.reflect.NativeMethodAccessorImpl.invoke(NativeMethodAccessorImpl.java:62)
	at sun.reflect.DelegatingMethodAccessorImpl.invoke(DelegatingMethodAccessorImpl.java:43)
	at java.lang.reflect.Method.invoke(Method.java:498)
	at org.codehaus.groovy.reflection.CachedMethod.invoke(CachedMethod.java:101)
	at groovy.lang.MetaMethod.doMethodInvoke(MetaMethod.java:323)
	at org.codehaus.groovy.runtime.metaclass.ClosureMetaClass.invokeMethod(ClosureMetaClass.java:263)
	at groovy.lang.MetaClassImpl.invokeMethod(MetaClassImpl.java:1041)
	at groovy.lang.Closure.call(Closure.java:405)
	at org.codehaus.groovy.runtime.memoize.Memoize$MemoizeFunction$1.provide(Memoize.java:139)
	at org.codehaus.groovy.runtime.memoize.ConcurrentCommonCache.getAndPut(ConcurrentCommonCache.java:147)
	at org.codehaus.groovy.runtime.memoize.ConcurrentCommonCache.getAndPut(ConcurrentCommonCache.java:123)
	at org.codehaus.groovy.runtime.memoize.Memoize$MemoizeFunction.call(Memoize.java:136)
	at groovy.lang.Closure.call(Closure.java:421)
	at nextflow.scm.RepositoryProvider.invokeAndParseResponse(RepositoryProvider.groovy)
	at nextflow.scm.GithubRepositoryProvider.readBytes(GithubRepositoryProvider.groovy:73)
	at nextflow.scm.RepositoryProvider.readText(RepositoryProvider.groovy:187)
	at nextflow.scm.AssetManager.getManifest0(AssetManager.groovy:426)
	at nextflow.scm.AssetManager.memoizedMethodPriv$getManifest(AssetManager.groovy:419)
	at sun.reflect.NativeMethodAccessorImpl.invoke0(Native Method)
	at sun.reflect.NativeMethodAccessorImpl.invoke(NativeMethodAccessorImpl.java:62)
	at sun.reflect.DelegatingMethodAccessorImpl.invoke(DelegatingMethodAccessorImpl.java:43)
	at java.lang.reflect.Method.invoke(Method.java:498)
	at org.codehaus.groovy.reflection.CachedMethod.invoke(CachedMethod.java:101)
	at groovy.lang.MetaMethod.doMethodInvoke(MetaMethod.java:323)
	at groovy.lang.MetaClassImpl.invokeMethod(MetaClassImpl.java:1217)
	at groovy.lang.MetaClassImpl.invokeMethod(MetaClassImpl.java:1041)
	at org.codehaus.groovy.runtime.InvokerHelper.invokePogoMethod(InvokerHelper.java:1011)
	at org.codehaus.groovy.runtime.InvokerHelper.invokeMethod(InvokerHelper.java:994)
	at org.codehaus.groovy.runtime.InvokerHelper.invokeMethodSafe(InvokerHelper.java:97)
	at nextflow.scm.AssetManager$_closure2.doCall(AssetManager.groovy)
	at nextflow.scm.AssetManager$_closure2.doCall(AssetManager.groovy)
	at sun.reflect.NativeMethodAccessorImpl.invoke0(Native Method)
	at sun.reflect.NativeMethodAccessorImpl.invoke(NativeMethodAccessorImpl.java:62)
	at sun.reflect.DelegatingMethodAccessorImpl.invoke(DelegatingMethodAccessorImpl.java:43)
	at java.lang.reflect.Method.invoke(Method.java:498)
	at org.codehaus.groovy.reflection.CachedMethod.invoke(CachedMethod.java:101)
	at groovy.lang.MetaMethod.doMethodInvoke(MetaMethod.java:323)
	at org.codehaus.groovy.runtime.metaclass.ClosureMetaClass.invokeMethod(ClosureMetaClass.java:263)
	at groovy.lang.MetaClassImpl.invokeMethod(MetaClassImpl.java:1041)
	at groovy.lang.Closure.call(Closure.java:405)
	at org.codehaus.groovy.runtime.memoize.Memoize$MemoizeFunction$1.provide(Memoize.java:139)
	at org.codehaus.groovy.runtime.memoize.ConcurrentCommonCache.getAndPut(ConcurrentCommonCache.java:147)
	at org.codehaus.groovy.runtime.memoize.ConcurrentCommonCache.getAndPut(ConcurrentCommonCache.java:123)
	at org.codehaus.groovy.runtime.memoize.Memoize$MemoizeFunction.call(Memoize.java:136)
	at groovy.lang.Closure.call(Closure.java:399)
	at nextflow.scm.AssetManager.getManifest(AssetManager.groovy)
	at nextflow.scm.AssetManager.getMainScriptName(AssetManager.groovy:402)
	at nextflow.scm.AssetManager.checkValidRemoteRepo(AssetManager.groovy:360)
	at nextflow.scm.AssetManager.download(AssetManager.groovy:569)
	at nextflow.scm.AssetManager.download(AssetManager.groovy)
	at nextflow.cli.CmdRun.getScriptFile(CmdRun.groovy:339)
	at nextflow.cli.CmdRun.run(CmdRun.groovy:245)
	at nextflow.cli.Launcher.run(Launcher.groovy:460)
	at nextflow.cli.Launcher.main(Launcher.groovy:642)
Mar-20 18:41:42.846 [main] DEBUG nextflow.scm.RepositoryProvider - Request [credentials -:-] -> https://api.github.com/repos/nextflow-io/HLApipe/contents/main.nf
Mar-20 18:41:42.997 [main] DEBUG nextflow.scm.RepositoryProvider - Response status: 404 -- {"message":"Not Found","documentation_url":"https://developer.github.com/v3/repos/contents/#get-contents"}
Mar-20 18:41:43.004 [main] DEBUG nextflow.cli.Launcher - Operation aborted
nextflow.exception.AbortOperationException: Remote resource not found: https://api.github.com/repos/nextflow-io/HLApipe/contents/main.nf
	at nextflow.scm.RepositoryProvider.checkResponse(RepositoryProvider.groovy:158)
	at nextflow.scm.RepositoryProvider.invoke(RepositoryProvider.groovy:106)
	at nextflow.scm.RepositoryProvider.memoizedMethodPriv$invokeAndParseResponseString(RepositoryProvider.groovy:173)
	at sun.reflect.NativeMethodAccessorImpl.invoke0(Native Method)
	at sun.reflect.NativeMethodAccessorImpl.invoke(NativeMethodAccessorImpl.java:62)
	at sun.reflect.DelegatingMethodAccessorImpl.invoke(DelegatingMethodAccessorImpl.java:43)
	at java.lang.reflect.Method.invoke(Method.java:498)
	at org.codehaus.groovy.reflection.CachedMethod.invoke(CachedMethod.java:101)
	at groovy.lang.MetaMethod.doMethodInvoke(MetaMethod.java:323)
	at groovy.lang.MetaClassImpl.invokeMethod(MetaClassImpl.java:1217)
	at groovy.lang.MetaClassImpl.invokeMethod(MetaClassImpl.java:1041)
	at org.codehaus.groovy.runtime.InvokerHelper.invokePogoMethod(InvokerHelper.java:1011)
	at org.codehaus.groovy.runtime.InvokerHelper.invokeMethod(InvokerHelper.java:994)
	at org.codehaus.groovy.runtime.InvokerHelper.invokeMethodSafe(InvokerHelper.java:97)
	at nextflow.scm.RepositoryProvider$_closure1.doCall(RepositoryProvider.groovy)
	at sun.reflect.NativeMethodAccessorImpl.invoke0(Native Method)
	at sun.reflect.NativeMethodAccessorImpl.invoke(NativeMethodAccessorImpl.java:62)
	at sun.reflect.DelegatingMethodAccessorImpl.invoke(DelegatingMethodAccessorImpl.java:43)
	at java.lang.reflect.Method.invoke(Method.java:498)
	at org.codehaus.groovy.reflection.CachedMethod.invoke(CachedMethod.java:101)
	at groovy.lang.MetaMethod.doMethodInvoke(MetaMethod.java:323)
	at org.codehaus.groovy.runtime.metaclass.ClosureMetaClass.invokeMethod(ClosureMetaClass.java:263)
	at groovy.lang.MetaClassImpl.invokeMethod(MetaClassImpl.java:1041)
	at groovy.lang.Closure.call(Closure.java:405)
	at org.codehaus.groovy.runtime.memoize.Memoize$MemoizeFunction$1.provide(Memoize.java:139)
	at org.codehaus.groovy.runtime.memoize.ConcurrentCommonCache.getAndPut(ConcurrentCommonCache.java:147)
	at org.codehaus.groovy.runtime.memoize.ConcurrentCommonCache.getAndPut(ConcurrentCommonCache.java:123)
	at org.codehaus.groovy.runtime.memoize.Memoize$MemoizeFunction.call(Memoize.java:136)
	at groovy.lang.Closure.call(Closure.java:421)
	at nextflow.scm.RepositoryProvider.invokeAndParseResponse(RepositoryProvider.groovy)
	at nextflow.scm.GithubRepositoryProvider.readBytes(GithubRepositoryProvider.groovy:73)
	at nextflow.scm.RepositoryProvider.validateFor(RepositoryProvider.groovy:201)
	at nextflow.scm.AssetManager.checkValidRemoteRepo(AssetManager.groovy:361)
	at nextflow.scm.AssetManager.download(AssetManager.groovy:569)
	at nextflow.scm.AssetManager.download(AssetManager.groovy)
	at nextflow.cli.CmdRun.getScriptFile(CmdRun.groovy:339)
	at nextflow.cli.CmdRun.run(CmdRun.groovy:245)
	at nextflow.cli.Launcher.run(Launcher.groovy:460)
	at nextflow.cli.Launcher.main(Launcher.groovy:642)
